<?xml version="1.0" encoding="UTF-8" ?>
<testsuite tests="21" failures="15" name="model.SachTest" time="0.027" errors="0" skipped="0">
  <properties>
[...]
</properties>
  <testcase classname="model.SachTest" name="model.SachTest.testSetSoLuongWithNegative" time="0.019">
    <failure message="Expected java.lang.Exception to be thrown, but nothing was thrown." type="org.opentest4j.AssertionFailedError">org.opentest4j.AssertionFailedError: Expected java.lang.Exception to be thrown, but nothing was thrown.
	at org.junit.jupiter.api.AssertThrows.assertThrows(AssertThrows.java:71)
	at org.junit.jupiter.api.AssertThrows.assertThrows(AssertThrows.java:37)
	at org.junit.jupiter.api.Assertions.assertThrows(Assertions.java:2952)
	at model.SachTest.testSetSoLuongWithNegative(SachTest.java:174)
</failure>
    <system-out>Truyen vao so luong gia tri am
</system-out>
  </testcase>
  <testcase classname="model.SachTest" name="model.SachTest.testSetSoLuongWithLarge" time="0">
    <failure message="Expected java.lang.Exception to be thrown, but nothing was thrown." type="org.opentest4j.AssertionFailedError">org.opentest4j.AssertionFailedError: Expected java.lang.Exception to be thrown, but nothing was thrown.
	at org.junit.jupiter.api.AssertThrows.assertThrows(AssertThrows.java:71)
	at org.junit.jupiter.api.AssertThrows.assertThrows(AssertThrows.java:37)
	at org.junit.jupiter.api.Assertions.assertThrows(Assertions.java:2952)
	at model.SachTest.testSetSoLuongWithLarge(SachTest.java:191)
</failure>
    <system-out>Truyen vao so luong gia tri duong ++
</system-out>
  </testcase>
  <testcase classname="model.SachTest" name="model.SachTest.testGetMaSach" time="0.001">
    <failure message="expected: &lt;&gt; but was: &lt;null&gt;" type="org.opentest4j.AssertionFailedError">org.opentest4j.AssertionFailedError: expected: &lt;&gt; but was: &lt;null&gt;
	at org.junit.jupiter.api.AssertionUtils.fail(AssertionUtils.java:55)
	at org.junit.jupiter.api.AssertionUtils.failNotEqual(AssertionUtils.java:62)
	at org.junit.jupiter.api.AssertEquals.assertEquals(AssertEquals.java:182)
	at org.junit.jupiter.api.AssertEquals.assertEquals(AssertEquals.java:177)
	at org.junit.jupiter.api.Assertions.assertEquals(Assertions.java:1124)
	at model.SachTest.testGetMaSach(SachTest.java:47)
</failure>
  </testcase>
  <testcase classname="model.SachTest" name="model.SachTest.testGetTenSach" time="0.001">
    <failure message="expected: &lt;&gt; but was: &lt;null&gt;" type="org.opentest4j.AssertionFailedError">org.opentest4j.AssertionFailedError: expected: &lt;&gt; but was: &lt;null&gt;
	at org.junit.jupiter.api.AssertionUtils.fail(AssertionUtils.java:55)
	at org.junit.jupiter.api.AssertionUtils.failNotEqual(AssertionUtils.java:62)
	at org.junit.jupiter.api.AssertEquals.assertEquals(AssertEquals.java:182)
	at org.junit.jupiter.api.AssertEquals.assertEquals(AssertEquals.java:177)
	at org.junit.jupiter.api.Assertions.assertEquals(Assertions.java:1124)
	at model.SachTest.testGetTenSach(SachTest.java:71)
</failure>
  </testcase>
  <testcase classname="model.SachTest" name="model.SachTest.testSetMaSach" time="0"/>
  <testcase classname="model.SachTest" name="model.SachTest.testSetTenSach" time="0"/>
  <testcase classname="model.SachTest" name="model.SachTest.testToString" time="0">
    <failure message="expected: &lt;&gt; but was: &lt;null&gt;" type="org.opentest4j.AssertionFailedError">org.opentest4j.AssertionFailedError: expected: &lt;&gt; but was: &lt;null&gt;
	at org.junit.jupiter.api.AssertionUtils.fail(AssertionUtils.java:55)
	at org.junit.jupiter.api.AssertionUtils.failNotEqual(AssertionUtils.java:62)
	at org.junit.jupiter.api.AssertEquals.assertEquals(AssertEquals.java:182)
	at org.junit.jupiter.api.AssertEquals.assertEquals(AssertEquals.java:177)
	at org.junit.jupiter.api.Assertions.assertEquals(Assertions.java:1124)
	at model.SachTest.testToString(SachTest.java:316)
</failure>
    <system-out>toString
</system-out>
  </testcase>
  <testcase classname="model.SachTest" name="model.SachTest.testGetNxb" time="0.001">
    <failure message="expected: &lt;&gt; but was: &lt;null&gt;" type="org.opentest4j.AssertionFailedError">org.opentest4j.AssertionFailedError: expected: &lt;&gt; but was: &lt;null&gt;
	at org.junit.jupiter.api.AssertionUtils.fail(AssertionUtils.java:55)
	at org.junit.jupiter.api.AssertionUtils.failNotEqual(AssertionUtils.java:62)
	at org.junit.jupiter.api.AssertEquals.assertEquals(AssertEquals.java:182)
	at org.junit.jupiter.api.AssertEquals.assertEquals(AssertEquals.java:177)
	at org.junit.jupiter.api.Assertions.assertEquals(Assertions.java:1124)
	at model.SachTest.testGetNxb(SachTest.java:208)
</failure>
  </testcase>
  <testcase classname="model.SachTest" name="model.SachTest.testGetNgayNhap" time="0">
    <failure message="expected: &lt;&gt; but was: &lt;null&gt;" type="org.opentest4j.AssertionFailedError">org.opentest4j.AssertionFailedError: expected: &lt;&gt; but was: &lt;null&gt;
	at org.junit.jupiter.api.AssertionUtils.fail(AssertionUtils.java:55)
	at org.junit.jupiter.api.AssertionUtils.failNotEqual(AssertionUtils.java:62)
	at org.junit.jupiter.api.AssertEquals.assertEquals(AssertEquals.java:182)
	at org.junit.jupiter.api.AssertEquals.assertEquals(AssertEquals.java:177)
	at org.junit.jupiter.api.Assertions.assertEquals(Assertions.java:1124)
	at model.SachTest.testGetNgayNhap(SachTest.java:235)
</failure>
    <system-out>getNgayNhap
</system-out>
  </testcase>
  <testcase classname="model.SachTest" name="model.SachTest.testSetNxb" time="0"/>
  <testcase classname="model.SachTest" name="model.SachTest.testSetNgayNhap" time="0">
    <failure message="The test case is a prototype." type="org.opentest4j.AssertionFailedError">org.opentest4j.AssertionFailedError: The test case is a prototype.
	at org.junit.jupiter.api.AssertionUtils.fail(AssertionUtils.java:39)
	at org.junit.jupiter.api.Assertions.fail(Assertions.java:109)
	at model.SachTest.testSetNgayNhap(SachTest.java:250)
</failure>
    <system-out>setNgayNhap
</system-out>
  </testcase>
  <testcase classname="model.SachTest" name="model.SachTest.testGetNdtt" time="0.001">
    <failure message="expected: &lt;&gt; but was: &lt;null&gt;" type="org.opentest4j.AssertionFailedError">org.opentest4j.AssertionFailedError: expected: &lt;&gt; but was: &lt;null&gt;
	at org.junit.jupiter.api.AssertionUtils.fail(AssertionUtils.java:55)
	at org.junit.jupiter.api.AssertionUtils.failNotEqual(AssertionUtils.java:62)
	at org.junit.jupiter.api.AssertEquals.assertEquals(AssertEquals.java:182)
	at org.junit.jupiter.api.AssertEquals.assertEquals(AssertEquals.java:177)
	at org.junit.jupiter.api.Assertions.assertEquals(Assertions.java:1124)
	at model.SachTest.testGetNdtt(SachTest.java:262)
</failure>
    <system-out>getNdtt
</system-out>
  </testcase>
  <testcase classname="model.SachTest" name="model.SachTest.testGetSoLuong" time="0"/>
  <testcase classname="model.SachTest" name="model.SachTest.testSetSoLuong" time="0.001"/>
  <testcase classname="model.SachTest" name="model.SachTest.testGetTacGia" time="0">
    <failure message="expected: &lt;&gt; but was: &lt;null&gt;" type="org.opentest4j.AssertionFailedError">org.opentest4j.AssertionFailedError: expected: &lt;&gt; but was: &lt;null&gt;
	at org.junit.jupiter.api.AssertionUtils.fail(AssertionUtils.java:55)
	at org.junit.jupiter.api.AssertionUtils.failNotEqual(AssertionUtils.java:62)
	at org.junit.jupiter.api.AssertEquals.assertEquals(AssertEquals.java:182)
	at org.junit.jupiter.api.AssertEquals.assertEquals(AssertEquals.java:177)
	at org.junit.jupiter.api.Assertions.assertEquals(Assertions.java:1124)
	at model.SachTest.testGetTacGia(SachTest.java:123)
</failure>
  </testcase>
  <testcase classname="model.SachTest" name="model.SachTest.testSetMaTheLoai" time="0"/>
  <testcase classname="model.SachTest" name="model.SachTest.testSetTacGia" time="0">
    <failure message="expected: &lt;KinhDi&gt; but was: &lt;&gt;" type="org.opentest4j.AssertionFailedError">org.opentest4j.AssertionFailedError: expected: &lt;KinhDi&gt; but was: &lt;&gt;
	at org.junit.jupiter.api.AssertionUtils.fail(AssertionUtils.java:55)
	at org.junit.jupiter.api.AssertionUtils.failNotEqual(AssertionUtils.java:62)
	at org.junit.jupiter.api.AssertEquals.assertEquals(AssertEquals.java:182)
	at org.junit.jupiter.api.AssertEquals.assertEquals(AssertEquals.java:177)
	at org.junit.jupiter.api.Assertions.assertEquals(Assertions.java:1124)
	at model.SachTest.testSetTacGia(SachTest.java:137)
</failure>
    <system-out>Chay Ten Tac Gia LENAM
</system-out>
  </testcase>
  <testcase classname="model.SachTest" name="model.SachTest.testSetHinh" time="0.001">
    <failure message="The test case is a prototype." type="org.opentest4j.AssertionFailedError">org.opentest4j.AssertionFailedError: The test case is a prototype.
	at org.junit.jupiter.api.AssertionUtils.fail(AssertionUtils.java:39)
	at org.junit.jupiter.api.Assertions.fail(Assertions.java:109)
	at model.SachTest.testSetHinh(SachTest.java:304)
</failure>
    <system-out>setHinh
</system-out>
  </testcase>
  <testcase classname="model.SachTest" name="model.SachTest.testGetMaTheLoai" time="0">
    <failure message="expected: &lt;&gt; but was: &lt;null&gt;" type="org.opentest4j.AssertionFailedError">org.opentest4j.AssertionFailedError: expected: &lt;&gt; but was: &lt;null&gt;
	at org.junit.jupiter.api.AssertionUtils.fail(AssertionUtils.java:55)
	at org.junit.jupiter.api.AssertionUtils.failNotEqual(AssertionUtils.java:62)
	at org.junit.jupiter.api.AssertEquals.assertEquals(AssertEquals.java:182)
	at org.junit.jupiter.api.AssertEquals.assertEquals(AssertEquals.java:177)
	at org.junit.jupiter.api.Assertions.assertEquals(Assertions.java:1124)
	at model.SachTest.testGetMaTheLoai(SachTest.java:97)
</failure>
  </testcase>
  <testcase classname="model.SachTest" name="model.SachTest.testGetHinh" time="0.002">
    <failure message="The test case is a prototype." type="org.opentest4j.AssertionFailedError">org.opentest4j.AssertionFailedError: The test case is a prototype.
	at org.junit.jupiter.api.AssertionUtils.fail(AssertionUtils.java:39)
	at org.junit.jupiter.api.Assertions.fail(Assertions.java:109)
	at model.SachTest.testGetHinh(SachTest.java:291)
</failure>
    <system-out>getHinh
</system-out>
  </testcase>
  <testcase classname="model.SachTest" name="model.SachTest.testSetNdtt" time="0">
    <failure message="The test case is a prototype." type="org.opentest4j.AssertionFailedError">org.opentest4j.AssertionFailedError: The test case is a prototype.
	at org.junit.jupiter.api.AssertionUtils.fail(AssertionUtils.java:39)
	at org.junit.jupiter.api.Assertions.fail(Assertions.java:109)
	at model.SachTest.testSetNdtt(SachTest.java:277)
</failure>
    <system-out>setNdtt
</system-out>
  </testcase>
</testsuite>